<?xml version="1.0" encoding="UTF-8"?>
<testsuite name="HVL.Scheduler.SimulationTest" tests="1" skipped="0" failures="0" errors="0" timestamp="2024-10-02T11:27:55" hostname="EDVARDS_LENOVO" time="0.032">
  <properties/>
  <testcase name="testNSJF()" classname="HVL.Scheduler.SimulationTest" time="0.032"/>
  <system-out><![CDATA[]]></system-out>
  <system-err><![CDATA[]]></system-err>
</testsuite>
